2026-05-21 05:53:35,023 INFO: Tickers: ['AGENTFUNUSD', 'BABYDOGEUSD', 'BANANAS31USD', 'CONSCIOUSUSD', 'FARTCOINUSD', 'FIGRHELOCUSD', 'GOMININGUSD', 'JELLYJELLYUSD', 'PC0000023USD', 'PC0000031USD', 'PIEVERSEUSD', 'WHITEWHALEUSD']
2026-05-21 05:53:35,027 INFO: Exchange map: {'AGENTFUNUSD': 'crypto', 'BABYDOGEUSD': 'crypto', 'BANANAS31USD': 'crypto', 'CONSCIOUSUSD': 'crypto', 'FARTCOINUSD': 'crypto', 'FIGRHELOCUSD': 'nasdaq', 'GOMININGUSD': 'crypto', 'JELLYJELLYUSD': 'crypto', 'PC0000023USD': 'crypto', 'PC0000031USD': 'crypto', 'PIEVERSEUSD': 'crypto', 'WHITEWHALEUSD': 'crypto'}
/Users/abhinav/Desktop/MQSMaster/scripts/backfill_runs/run_backfill_long_tickers.py:53: DeprecationWarning: datetime.datetime.utcnow() is deprecated and scheduled for removal in a future version. Use timezone-aware objects to represent datetimes in UTC: datetime.datetime.now(datetime.UTC).
  event["ts"] = datetime.utcnow().isoformat() + "Z"
/Users/abhinav/Desktop/MQSMaster/scripts/backfill_runs/run_backfill_long_tickers.py:69: DeprecationWarning: datetime.datetime.utcnow() is deprecated and scheduled for removal in a future version. Use timezone-aware objects to represent datetimes in UTC: datetime.datetime.now(datetime.UTC).
  started = datetime.utcnow()
[ConcurrentBackfill] Starting concurrency for 12 tickers.
  Date range: 2026-01-01 to 2026-05-21, interval=1 min, exchange=mixed
  Using up to 4 threads.
2026-05-21 05:53:35,119 INFO: Database connection pool created successfully.
Starting backfill for ['AGENTFUNUSD'] from 2026-01-01 to 2026-05-21, interval=1min, exchange=crypto
Starting backfill for ['BABYDOGEUSD'] from 2026-01-01 to 2026-05-21, interval=1min, exchange=cryptoStarting backfill for ['BANANAS31USD'] from 2026-01-01 to 2026-05-21, interval=1min, exchange=crypto
Starting backfill for ['CONSCIOUSUSD'] from 2026-01-01 to 2026-05-21, interval=1min, exchange=crypto

2026-05-21 05:53:35,120 INFO: [Backfill] Processing CONSCIOUSUSD...
2026-05-21 05:53:35,121 INFO: [Backfill] Processing BANANAS31USD...
2026-05-21 05:53:35,122 INFO: [Backfill] Fetching BANANAS31USD from 2026-01-01 to 2026-01-05...
2026-05-21 05:53:35,122 INFO: [Backfill] Processing BABYDOGEUSD...
2026-05-21 05:53:35,122 INFO: [Backfill] Processing AGENTFUNUSD...
2026-05-21 05:53:35,122 INFO: [Backfill] Fetching AGENTFUNUSD from 2026-01-01 to 2026-01-05...
2026-05-21 05:53:35,122 INFO: [Backfill] Fetching BABYDOGEUSD from 2026-01-01 to 2026-01-05...
2026-05-21 05:53:35,122 INFO: [Backfill] Fetching CONSCIOUSUSD from 2026-01-01 to 2026-01-05...
2026-05-21 05:53:35,402 INFO: [Backfill] Fetching BABYDOGEUSD from 2026-01-06 to 2026-01-08...
2026-05-21 05:53:35,596 INFO: [Backfill] Fetching AGENTFUNUSD from 2026-01-06 to 2026-01-08...
2026-05-21 05:53:35,598 INFO: [Backfill] Fetching CONSCIOUSUSD from 2026-01-06 to 2026-01-08...
2026-05-21 05:53:35,628 INFO: [Backfill] Fetching BANANAS31USD from 2026-01-06 to 2026-01-08...
2026-05-21 05:53:35,749 INFO: [Backfill] Fetching BABYDOGEUSD from 2026-01-09 to 2026-01-13...
2026-05-21 05:53:36,064 INFO: [Backfill] Fetching AGENTFUNUSD from 2026-01-09 to 2026-01-13...
2026-05-21 05:53:36,067 INFO: [Backfill] Fetching CONSCIOUSUSD from 2026-01-09 to 2026-01-13...
2026-05-21 05:53:36,104 INFO: [Backfill] Fetching BANANAS31USD from 2026-01-09 to 2026-01-13...
2026-05-21 05:53:36,224 INFO: [Backfill] Fetching BABYDOGEUSD from 2026-01-14 to 2026-01-16...
2026-05-21 05:53:36,525 INFO: [Backfill] Fetching CONSCIOUSUSD from 2026-01-14 to 2026-01-16...
2026-05-21 05:53:36,539 INFO: [Backfill] Fetching AGENTFUNUSD from 2026-01-14 to 2026-01-16...
2026-05-21 05:53:36,572 INFO: [Backfill] Fetching BANANAS31USD from 2026-01-14 to 2026-01-16...
2026-05-21 05:53:36,704 INFO: [Backfill] Fetching BABYDOGEUSD from 2026-01-19 to 2026-01-21...
2026-05-21 05:53:36,952 INFO: [Backfill] Fetching AGENTFUNUSD from 2026-01-19 to 2026-01-21...
2026-05-21 05:53:36,968 INFO: [Backfill] Fetching BABYDOGEUSD from 2026-01-22 to 2026-01-26...
2026-05-21 05:53:36,984 INFO: [Backfill] Fetching CONSCIOUSUSD from 2026-01-19 to 2026-01-21...
2026-05-21 05:53:37,045 INFO: [Backfill] Fetching BANANAS31USD from 2026-01-19 to 2026-01-21...
2026-05-21 05:53:37,216 INFO: [Backfill] Fetching BABYDOGEUSD from 2026-01-27 to 2026-01-29...
2026-05-21 05:53:37,447 INFO: [Backfill] Fetching CONSCIOUSUSD from 2026-01-22 to 2026-01-26...
2026-05-21 05:53:37,459 INFO: [Backfill] Fetching AGENTFUNUSD from 2026-01-22 to 2026-01-26...
2026-05-21 05:53:37,477 INFO: [Backfill] Fetching BABYDOGEUSD from 2026-01-30 to 2026-02-03...
2026-05-21 05:53:37,634 INFO: [Backfill] Fetching BANANAS31USD from 2026-01-22 to 2026-01-26...
2026-05-21 05:53:37,721 INFO: [Backfill] Fetching BABYDOGEUSD from 2026-02-04 to 2026-02-06...
2026-05-21 05:53:37,924 INFO: [Backfill] Fetching CONSCIOUSUSD from 2026-01-27 to 2026-01-29...
2026-05-21 05:53:37,953 INFO: [Backfill] Fetching BABYDOGEUSD from 2026-02-09 to 2026-02-11...
2026-05-21 05:53:37,963 INFO: [Backfill] Fetching AGENTFUNUSD from 2026-01-27 to 2026-01-29...
2026-05-21 05:53:38,172 INFO: [Backfill] Fetching BANANAS31USD from 2026-01-27 to 2026-01-29...
2026-05-21 05:53:38,268 INFO: [Backfill] Fetching BABYDOGEUSD from 2026-02-12 to 2026-02-16...
2026-05-21 05:53:38,412 INFO: [Backfill] Fetching CONSCIOUSUSD from 2026-01-30 to 2026-02-03...
2026-05-21 05:53:38,475 INFO: [Backfill] Fetching AGENTFUNUSD from 2026-01-30 to 2026-02-03...
2026-05-21 05:53:38,533 INFO: [Backfill] Fetching BABYDOGEUSD from 2026-02-17 to 2026-02-19...
2026-05-21 05:53:38,660 INFO: [Backfill] Fetching BANANAS31USD from 2026-01-30 to 2026-02-03...
2026-05-21 05:53:38,800 INFO: [Backfill] Fetching BABYDOGEUSD from 2026-02-20 to 2026-02-24...
2026-05-21 05:53:38,988 INFO: [Backfill] Fetching AGENTFUNUSD from 2026-02-04 to 2026-02-06...
2026-05-21 05:53:39,031 INFO: [Backfill] Fetching CONSCIOUSUSD from 2026-02-04 to 2026-02-06...
2026-05-21 05:53:39,052 INFO: [Backfill] Fetching BABYDOGEUSD from 2026-02-25 to 2026-02-27...
2026-05-21 05:53:39,170 INFO: [Backfill] Fetching BANANAS31USD from 2026-02-04 to 2026-02-06...
2026-05-21 05:53:39,416 INFO: [Backfill] Fetching BABYDOGEUSD from 2026-03-02 to 2026-03-04...
2026-05-21 05:53:39,516 INFO: [Backfill] Fetching AGENTFUNUSD from 2026-02-09 to 2026-02-11...
2026-05-21 05:53:39,516 INFO: [Backfill] Fetching CONSCIOUSUSD from 2026-02-09 to 2026-02-11...
2026-05-21 05:53:39,689 INFO: [Backfill] Fetching BANANAS31USD from 2026-02-09 to 2026-02-11...
2026-05-21 05:53:39,692 INFO: [Backfill] Fetching BABYDOGEUSD from 2026-03-05 to 2026-03-09...
2026-05-21 05:53:39,933 INFO: [Backfill] Fetching BABYDOGEUSD from 2026-03-10 to 2026-03-12...
2026-05-21 05:53:39,991 INFO: [Backfill] Fetching AGENTFUNUSD from 2026-02-12 to 2026-02-16...
2026-05-21 05:53:40,039 INFO: [Backfill] Fetching CONSCIOUSUSD from 2026-02-12 to 2026-02-16...
2026-05-21 05:53:40,183 INFO: [Backfill] Fetching BANANAS31USD from 2026-02-12 to 2026-02-16...
2026-05-21 05:53:40,193 INFO: [Backfill] Fetching BABYDOGEUSD from 2026-03-13 to 2026-03-17...
2026-05-21 05:53:40,441 INFO: [Backfill] Fetching BABYDOGEUSD from 2026-03-18 to 2026-03-20...
2026-05-21 05:53:40,511 INFO: [Backfill] Fetching CONSCIOUSUSD from 2026-02-17 to 2026-02-19...
2026-05-21 05:53:40,558 INFO: [Backfill] Fetching AGENTFUNUSD from 2026-02-17 to 2026-02-19...
2026-05-21 05:53:40,639 INFO: [Backfill] Fetching BANANAS31USD from 2026-02-17 to 2026-02-19...
2026-05-21 05:53:40,706 INFO: [Backfill] Fetching BABYDOGEUSD from 2026-03-23 to 2026-03-25...
2026-05-21 05:53:40,962 INFO: [Backfill] Fetching BABYDOGEUSD from 2026-03-26 to 2026-03-30...
2026-05-21 05:53:41,003 INFO: [Backfill] Fetching CONSCIOUSUSD from 2026-02-20 to 2026-02-24...
2026-05-21 05:53:41,042 INFO: [Backfill] Fetching AGENTFUNUSD from 2026-02-20 to 2026-02-24...
2026-05-21 05:53:41,115 INFO: [Backfill] Fetching BANANAS31USD from 2026-02-20 to 2026-02-24...
2026-05-21 05:53:41,217 INFO: [Backfill] Fetching BABYDOGEUSD from 2026-03-31 to 2026-04-02...
2026-05-21 05:53:41,454 INFO: [Backfill] Fetching BABYDOGEUSD from 2026-04-03 to 2026-04-07...
2026-05-21 05:53:41,507 INFO: [Backfill] Fetching CONSCIOUSUSD from 2026-02-25 to 2026-02-27...
2026-05-21 05:53:41,572 INFO: [Backfill] Fetching AGENTFUNUSD from 2026-02-25 to 2026-02-27...
2026-05-21 05:53:41,592 INFO: [Backfill] Fetching BANANAS31USD from 2026-02-25 to 2026-02-27...
2026-05-21 05:53:41,702 INFO: [Backfill] Fetching BABYDOGEUSD from 2026-04-08 to 2026-04-10...
2026-05-21 05:53:41,970 INFO: [Backfill] Fetching BABYDOGEUSD from 2026-04-13 to 2026-04-15...
2026-05-21 05:53:41,971 INFO: [Backfill] Fetching CONSCIOUSUSD from 2026-03-02 to 2026-03-04...
2026-05-21 05:53:42,048 INFO: [Backfill] Fetching AGENTFUNUSD from 2026-03-02 to 2026-03-04...
2026-05-21 05:53:42,066 INFO: [Backfill] Fetching BANANAS31USD from 2026-03-02 to 2026-03-04...
2026-05-21 05:53:42,255 INFO: [Backfill] Fetching BABYDOGEUSD from 2026-04-16 to 2026-04-20...
2026-05-21 05:53:42,483 INFO: [Backfill] Fetching CONSCIOUSUSD from 2026-03-05 to 2026-03-09...
2026-05-21 05:53:42,520 INFO: [Backfill] Fetching AGENTFUNUSD from 2026-03-05 to 2026-03-09...
2026-05-21 05:53:42,552 INFO: [Backfill] Fetching BANANAS31USD from 2026-03-05 to 2026-03-09...
2026-05-21 05:53:42,605 INFO: [Backfill] Fetching BABYDOGEUSD from 2026-04-21 to 2026-04-23...
2026-05-21 05:53:42,863 INFO: [Backfill] Fetching BABYDOGEUSD from 2026-04-24 to 2026-04-28...
2026-05-21 05:53:42,957 INFO: [Backfill] Fetching CONSCIOUSUSD from 2026-03-10 to 2026-03-12...
2026-05-21 05:53:43,032 INFO: [Backfill] Fetching BANANAS31USD from 2026-03-10 to 2026-03-12...
2026-05-21 05:53:43,071 INFO: [Backfill] Fetching AGENTFUNUSD from 2026-03-10 to 2026-03-12...
2026-05-21 05:53:43,133 INFO: [Backfill] Fetching BABYDOGEUSD from 2026-04-29 to 2026-05-01...
2026-05-21 05:53:43,439 INFO: [Backfill] Fetching CONSCIOUSUSD from 2026-03-13 to 2026-03-17...
2026-05-21 05:53:43,474 INFO: [Backfill] Fetching BABYDOGEUSD from 2026-05-04 to 2026-05-06...
2026-05-21 05:53:43,507 INFO: [Backfill] Fetching BANANAS31USD from 2026-03-13 to 2026-03-17...
2026-05-21 05:53:43,543 INFO: [Backfill] Fetching AGENTFUNUSD from 2026-03-13 to 2026-03-17...
2026-05-21 05:53:43,739 INFO: [Backfill] Fetching BABYDOGEUSD from 2026-05-07 to 2026-05-11...
2026-05-21 05:53:43,926 INFO: [Backfill] Fetching CONSCIOUSUSD from 2026-03-18 to 2026-03-20...
2026-05-21 05:53:44,012 INFO: [Backfill] Fetching BANANAS31USD from 2026-03-18 to 2026-03-20...
2026-05-21 05:53:44,016 INFO: [Backfill] Fetching BABYDOGEUSD from 2026-05-12 to 2026-05-14...
2026-05-21 05:53:44,076 INFO: [Backfill] Fetching AGENTFUNUSD from 2026-03-18 to 2026-03-20...
2026-05-21 05:53:44,291 INFO: [Backfill] Fetching BABYDOGEUSD from 2026-05-15 to 2026-05-19...
2026-05-21 05:53:44,418 INFO: [Backfill] Fetching CONSCIOUSUSD from 2026-03-23 to 2026-03-25...
2026-05-21 05:53:44,552 INFO: [Backfill] Fetching BANANAS31USD from 2026-03-23 to 2026-03-25...
2026-05-21 05:53:44,564 INFO: [Backfill] Fetching BABYDOGEUSD from 2026-05-20 to 2026-05-21...
2026-05-21 05:53:44,650 INFO: [Backfill] Fetching AGENTFUNUSD from 2026-03-23 to 2026-03-25...
2026-05-21 05:53:44,889 INFO: [Backfill] Completed. No CSV file generated (output_filename=None).
2026-05-21 05:53:44,890 INFO: [Backfill] Returning DataFrame.

2026-05-21 05:53:44,898 INFO: [Backfill] Fetching CONSCIOUSUSD from 2026-03-26 to 2026-03-30...
2026-05-21 05:53:45,101 INFO: [Backfill] Fetching BANANAS31USD from 2026-03-26 to 2026-03-30...
2026-05-21 05:53:45,251 INFO: [Backfill] Fetching AGENTFUNUSD from 2026-03-26 to 2026-03-30...
2026-05-21 05:53:45,489 INFO: [Backfill] Fetching CONSCIOUSUSD from 2026-03-31 to 2026-04-02...
2026-05-21 05:53:45,635 INFO: [Backfill] Fetching BANANAS31USD from 2026-03-31 to 2026-04-02...
2026-05-21 05:53:45,704 INFO: [Backfill] Fetching AGENTFUNUSD from 2026-03-31 to 2026-04-02...
2026-05-21 05:53:45,974 INFO: [Backfill] Fetching CONSCIOUSUSD from 2026-04-03 to 2026-04-07...
2026-05-21 05:53:46,140 INFO: [Backfill] Fetching AGENTFUNUSD from 2026-04-03 to 2026-04-07...
2026-05-21 05:53:46,141 INFO: [Backfill] Fetching BANANAS31USD from 2026-04-03 to 2026-04-07...
2026-05-21 05:53:46,516 INFO: [Backfill] Fetching CONSCIOUSUSD from 2026-04-08 to 2026-04-10...
2026-05-21 05:53:46,614 INFO: [Backfill] Fetching AGENTFUNUSD from 2026-04-08 to 2026-04-10...
2026-05-21 05:53:46,639 INFO: [Backfill] Fetching BANANAS31USD from 2026-04-08 to 2026-04-10...
2026-05-21 05:53:47,024 INFO: [Backfill] Fetching CONSCIOUSUSD from 2026-04-13 to 2026-04-15...
2026-05-21 05:53:47,064 INFO: [Backfill] Fetching AGENTFUNUSD from 2026-04-13 to 2026-04-15...
2026-05-21 05:53:47,124 INFO: [Backfill] Fetching BANANAS31USD from 2026-04-13 to 2026-04-15...
2026-05-21 05:53:47,495 INFO: [Backfill] Fetching CONSCIOUSUSD from 2026-04-16 to 2026-04-20...
2026-05-21 05:53:47,513 INFO: [Backfill] Fetching AGENTFUNUSD from 2026-04-16 to 2026-04-20...
2026-05-21 05:53:47,605 INFO: [Backfill] Fetching BANANAS31USD from 2026-04-16 to 2026-04-20...
2026-05-21 05:53:47,985 INFO: [Backfill] Fetching CONSCIOUSUSD from 2026-04-21 to 2026-04-23...
2026-05-21 05:53:48,099 INFO: [Backfill] Fetching BANANAS31USD from 2026-04-21 to 2026-04-23...
2026-05-21 05:53:48,521 INFO: [Backfill] Fetching AGENTFUNUSD from 2026-04-21 to 2026-04-23...
2026-05-21 05:53:48,588 INFO: [Backfill] Fetching CONSCIOUSUSD from 2026-04-24 to 2026-04-28...
2026-05-21 05:53:48,618 INFO: [Backfill] Fetching BANANAS31USD from 2026-04-24 to 2026-04-28...
2026-05-21 05:53:48,973 INFO: [Backfill] Fetching AGENTFUNUSD from 2026-04-24 to 2026-04-28...
2026-05-21 05:53:49,090 INFO: [Backfill] Fetching CONSCIOUSUSD from 2026-04-29 to 2026-05-01...
2026-05-21 05:53:49,181 INFO: [Backfill] Fetching BANANAS31USD from 2026-04-29 to 2026-05-01...
2026-05-21 05:53:49,495 INFO: [Backfill] Fetching AGENTFUNUSD from 2026-04-29 to 2026-05-01...
2026-05-21 05:53:49,598 INFO: [Backfill] Fetching CONSCIOUSUSD from 2026-05-04 to 2026-05-06...
2026-05-21 05:53:49,667 INFO: [Backfill] Fetching BANANAS31USD from 2026-05-04 to 2026-05-06...
2026-05-21 05:53:49,926 INFO: [Backfill] Fetching AGENTFUNUSD from 2026-05-04 to 2026-05-06...
2026-05-21 05:53:50,084 INFO: [Backfill] Fetching CONSCIOUSUSD from 2026-05-07 to 2026-05-11...
2026-05-21 05:53:50,130 INFO: [Backfill] Fetching BANANAS31USD from 2026-05-07 to 2026-05-11...
2026-05-21 05:53:50,333 INFO: [Backfill] Fetching AGENTFUNUSD from 2026-05-07 to 2026-05-11...
2026-05-21 05:53:50,569 INFO: [Backfill] Fetching CONSCIOUSUSD from 2026-05-12 to 2026-05-14...
2026-05-21 05:53:50,598 INFO: [Backfill] Fetching BANANAS31USD from 2026-05-12 to 2026-05-14...
2026-05-21 05:53:50,671 INFO: [Backfill] Fetching AGENTFUNUSD from 2026-05-12 to 2026-05-14...
2026-05-21 05:53:51,109 INFO: [Backfill] Fetching BANANAS31USD from 2026-05-15 to 2026-05-19...
2026-05-21 05:53:51,170 INFO: [Backfill] Fetching AGENTFUNUSD from 2026-05-15 to 2026-05-19...
2026-05-21 05:53:51,492 INFO: [Backfill] Fetching CONSCIOUSUSD from 2026-05-15 to 2026-05-19...
2026-05-21 05:53:51,607 INFO: [Backfill] Fetching BANANAS31USD from 2026-05-20 to 2026-05-21...
2026-05-21 05:53:51,694 INFO: [Backfill] Fetching AGENTFUNUSD from 2026-05-20 to 2026-05-21...
[BABYDOGEUSD] Inserted 20506 rows into DB.
Starting backfill for ['FARTCOINUSD'] from 2026-01-01 to 2026-05-21, interval=1min, exchange=crypto
2026-05-21 05:53:51,716 INFO: [Backfill] Processing FARTCOINUSD...
2026-05-21 05:53:51,716 INFO: [Backfill] Fetching FARTCOINUSD from 2026-01-01 to 2026-01-05...
2026-05-21 05:53:51,996 INFO: [Backfill] Fetching CONSCIOUSUSD from 2026-05-20 to 2026-05-21...
2026-05-21 05:53:52,044 INFO: [Backfill] Completed. No CSV file generated (output_filename=None).
2026-05-21 05:53:52,044 INFO: [Backfill] Returning DataFrame.

2026-05-21 05:53:52,109 INFO: [Backfill] Completed. No CSV file generated (output_filename=None).
2026-05-21 05:53:52,119 INFO: [Backfill] No data fetched; returning empty DataFrame.

[BANANAS31USD] No data returned from backfill.
Starting backfill for ['FIGRHELOCUSD'] from 2026-01-01 to 2026-05-21, interval=1min, exchange=nasdaq
2026-05-21 05:53:52,142 INFO: [Backfill] Processing FIGRHELOCUSD...
2026-05-21 05:53:52,142 INFO: [Backfill] Fetching FIGRHELOCUSD from 2026-01-01 to 2026-01-05...
2026-05-21 05:53:52,445 INFO: [Backfill] Fetching FARTCOINUSD from 2026-01-06 to 2026-01-08...
2026-05-21 05:53:52,636 INFO: [Backfill] Completed. No CSV file generated (output_filename=None).
2026-05-21 05:53:52,665 INFO: [Backfill] No data fetched; returning empty DataFrame.

[CONSCIOUSUSD] No data returned from backfill.
Starting backfill for ['GOMININGUSD'] from 2026-01-01 to 2026-05-21, interval=1min, exchange=crypto
2026-05-21 05:53:52,681 INFO: [Backfill] Processing GOMININGUSD...
2026-05-21 05:53:52,681 INFO: [Backfill] Fetching GOMININGUSD from 2026-01-01 to 2026-01-05...
2026-05-21 05:53:52,865 INFO: [Backfill] Fetching FIGRHELOCUSD from 2026-01-06 to 2026-01-08...
2026-05-21 05:53:53,499 INFO: [Backfill] Fetching GOMININGUSD from 2026-01-06 to 2026-01-08...
2026-05-21 05:53:53,544 INFO: [Backfill] Fetching FIGRHELOCUSD from 2026-01-09 to 2026-01-13...
2026-05-21 05:53:54,302 INFO: [Backfill] Fetching FIGRHELOCUSD from 2026-01-14 to 2026-01-16...
2026-05-21 05:53:54,553 INFO: [Backfill] Fetching GOMININGUSD from 2026-01-09 to 2026-01-13...
2026-05-21 05:53:54,563 INFO: [Backfill] Fetching FARTCOINUSD from 2026-01-09 to 2026-01-13...
2026-05-21 05:53:54,863 INFO: [Backfill] Fetching FIGRHELOCUSD from 2026-01-19 to 2026-01-21...
2026-05-21 05:53:55,039 INFO: [Backfill] Fetching FARTCOINUSD from 2026-01-14 to 2026-01-16...
2026-05-21 05:53:55,062 INFO: [Backfill] Fetching GOMININGUSD from 2026-01-14 to 2026-01-16...
2026-05-21 05:53:55,340 INFO: [Backfill] Fetching FIGRHELOCUSD from 2026-01-22 to 2026-01-26...
2026-05-21 05:53:55,514 INFO: [Backfill] Fetching FARTCOINUSD from 2026-01-19 to 2026-01-21...
2026-05-21 05:53:55,577 INFO: [Backfill] Fetching GOMININGUSD from 2026-01-19 to 2026-01-21...
2026-05-21 05:53:55,827 INFO: [Backfill] Fetching FIGRHELOCUSD from 2026-01-27 to 2026-01-29...
2026-05-21 05:53:56,009 INFO: [Backfill] Fetching FARTCOINUSD from 2026-01-22 to 2026-01-26...
2026-05-21 05:53:56,142 INFO: [Backfill] Fetching GOMININGUSD from 2026-01-22 to 2026-01-26...
2026-05-21 05:53:56,319 INFO: [Backfill] Fetching FIGRHELOCUSD from 2026-01-30 to 2026-02-03...
2026-05-21 05:53:56,532 INFO: [Backfill] Fetching FARTCOINUSD from 2026-01-27 to 2026-01-29...
2026-05-21 05:53:56,616 INFO: [Backfill] Fetching GOMININGUSD from 2026-01-27 to 2026-01-29...
2026-05-21 05:53:56,812 INFO: [Backfill] Fetching FIGRHELOCUSD from 2026-02-04 to 2026-02-06...
2026-05-21 05:53:57,049 INFO: [Backfill] Fetching FARTCOINUSD from 2026-01-30 to 2026-02-03...
2026-05-21 05:53:57,131 INFO: [Backfill] Fetching GOMININGUSD from 2026-01-30 to 2026-02-03...
2026-05-21 05:53:57,331 INFO: [Backfill] Fetching FIGRHELOCUSD from 2026-02-09 to 2026-02-11...
2026-05-21 05:53:57,569 INFO: [Backfill] Fetching FARTCOINUSD from 2026-02-04 to 2026-02-06...
2026-05-21 05:53:57,645 INFO: [Backfill] Fetching GOMININGUSD from 2026-02-04 to 2026-02-06...
2026-05-21 05:53:57,858 INFO: [Backfill] Fetching FIGRHELOCUSD from 2026-02-12 to 2026-02-16...
2026-05-21 05:53:58,052 INFO: [Backfill] Fetching FARTCOINUSD from 2026-02-09 to 2026-02-11...
2026-05-21 05:53:58,155 INFO: [Backfill] Fetching GOMININGUSD from 2026-02-09 to 2026-02-11...
2026-05-21 05:53:58,356 INFO: [Backfill] Fetching FIGRHELOCUSD from 2026-02-17 to 2026-02-19...
2026-05-21 05:53:58,547 INFO: [Backfill] Fetching FARTCOINUSD from 2026-02-12 to 2026-02-16...
2026-05-21 05:53:58,666 INFO: [Backfill] Fetching GOMININGUSD from 2026-02-12 to 2026-02-16...
2026-05-21 05:53:58,845 INFO: [Backfill] Fetching FIGRHELOCUSD from 2026-02-20 to 2026-02-24...
2026-05-21 05:53:59,027 INFO: [Backfill] Fetching FARTCOINUSD from 2026-02-17 to 2026-02-19...
2026-05-21 05:53:59,175 INFO: [Backfill] Fetching GOMININGUSD from 2026-02-17 to 2026-02-19...
2026-05-21 05:53:59,326 INFO: [Backfill] Fetching FIGRHELOCUSD from 2026-02-25 to 2026-02-27...
2026-05-21 05:53:59,488 INFO: [Backfill] Fetching FARTCOINUSD from 2026-02-20 to 2026-02-24...
2026-05-21 05:53:59,677 INFO: [Backfill] Fetching GOMININGUSD from 2026-02-20 to 2026-02-24...
2026-05-21 05:53:59,869 INFO: [Backfill] Fetching FIGRHELOCUSD from 2026-03-02 to 2026-03-04...
2026-05-21 05:53:59,994 INFO: [Backfill] Fetching FARTCOINUSD from 2026-02-25 to 2026-02-27...
2026-05-21 05:54:00,231 INFO: [Backfill] Fetching GOMININGUSD from 2026-02-25 to 2026-02-27...
2026-05-21 05:54:00,371 INFO: [Backfill] Fetching FIGRHELOCUSD from 2026-03-05 to 2026-03-09...
2026-05-21 05:54:00,511 INFO: [Backfill] Fetching FARTCOINUSD from 2026-03-02 to 2026-03-04...
2026-05-21 05:54:00,824 INFO: [Backfill] Fetching GOMININGUSD from 2026-03-02 to 2026-03-04...
2026-05-21 05:54:00,847 INFO: [Backfill] Fetching FIGRHELOCUSD from 2026-03-10 to 2026-03-12...
2026-05-21 05:54:01,142 INFO: [Backfill] Fetching FARTCOINUSD from 2026-03-05 to 2026-03-09...
2026-05-21 05:54:01,674 INFO: [Backfill] Fetching GOMININGUSD from 2026-03-05 to 2026-03-09...
2026-05-21 05:54:02,106 INFO: [Backfill] Fetching FIGRHELOCUSD from 2026-03-13 to 2026-03-17...
2026-05-21 05:54:02,387 INFO: [Backfill] Fetching GOMININGUSD from 2026-03-10 to 2026-03-12...
2026-05-21 05:54:02,799 INFO: [Backfill] Fetching FARTCOINUSD from 2026-03-10 to 2026-03-12...
2026-05-21 05:54:02,984 INFO: [Backfill] Fetching FIGRHELOCUSD from 2026-03-18 to 2026-03-20...
2026-05-21 05:54:03,173 INFO: [Backfill] Fetching GOMININGUSD from 2026-03-13 to 2026-03-17...
2026-05-21 05:54:03,317 INFO: [Backfill] Fetching FARTCOINUSD from 2026-03-13 to 2026-03-17...
2026-05-21 05:54:03,475 INFO: [Backfill] Fetching FIGRHELOCUSD from 2026-03-23 to 2026-03-25...
2026-05-21 05:54:03,975 INFO: [Backfill] Fetching FARTCOINUSD from 2026-03-18 to 2026-03-20...
2026-05-21 05:54:04,044 INFO: [Backfill] Fetching FIGRHELOCUSD from 2026-03-26 to 2026-03-30...
2026-05-21 05:54:04,523 INFO: [Backfill] Fetching FARTCOINUSD from 2026-03-23 to 2026-03-25...
2026-05-21 05:54:04,560 INFO: [Backfill] Fetching FIGRHELOCUSD from 2026-03-31 to 2026-04-02...
2026-05-21 05:54:04,714 INFO: [Backfill] Fetching GOMININGUSD from 2026-03-18 to 2026-03-20...
2026-05-21 05:54:05,016 INFO: [Backfill] Fetching FARTCOINUSD from 2026-03-26 to 2026-03-30...
2026-05-21 05:54:05,070 INFO: [Backfill] Fetching FIGRHELOCUSD from 2026-04-03 to 2026-04-07...
2026-05-21 05:54:05,231 INFO: [Backfill] Fetching GOMININGUSD from 2026-03-23 to 2026-03-25...
2026-05-21 05:54:05,505 INFO: [Backfill] Fetching FARTCOINUSD from 2026-03-31 to 2026-04-02...
2026-05-21 05:54:05,566 INFO: [Backfill] Fetching FIGRHELOCUSD from 2026-04-08 to 2026-04-10...
2026-05-21 05:54:05,859 INFO: [Backfill] Fetching GOMININGUSD from 2026-03-26 to 2026-03-30...
2026-05-21 05:54:06,066 INFO: [Backfill] Fetching FIGRHELOCUSD from 2026-04-13 to 2026-04-15...
2026-05-21 05:54:06,375 INFO: [Backfill] Fetching GOMININGUSD from 2026-03-31 to 2026-04-02...
2026-05-21 05:54:06,598 INFO: [Backfill] Fetching FIGRHELOCUSD from 2026-04-16 to 2026-04-20...
2026-05-21 05:54:06,928 INFO: [Backfill] Fetching GOMININGUSD from 2026-04-03 to 2026-04-07...
2026-05-21 05:54:07,095 INFO: [Backfill] Fetching FIGRHELOCUSD from 2026-04-21 to 2026-04-23...
2026-05-21 05:54:07,113 INFO: [Backfill] Fetching FARTCOINUSD from 2026-04-03 to 2026-04-07...
2026-05-21 05:54:07,415 INFO: [Backfill] Fetching GOMININGUSD from 2026-04-08 to 2026-04-10...
2026-05-21 05:54:07,603 INFO: [Backfill] Fetching FIGRHELOCUSD from 2026-04-24 to 2026-04-28...
2026-05-21 05:54:07,628 INFO: [Backfill] Fetching FARTCOINUSD from 2026-04-08 to 2026-04-10...
2026-05-21 05:54:07,966 INFO: [Backfill] Fetching GOMININGUSD from 2026-04-13 to 2026-04-15...
2026-05-21 05:54:08,129 INFO: [Backfill] Fetching FARTCOINUSD from 2026-04-13 to 2026-04-15...
2026-05-21 05:54:08,167 INFO: [Backfill] Fetching FIGRHELOCUSD from 2026-04-29 to 2026-05-01...
2026-05-21 05:54:08,523 INFO: [Backfill] Fetching GOMININGUSD from 2026-04-16 to 2026-04-20...
2026-05-21 05:54:08,620 INFO: [Backfill] Fetching FARTCOINUSD from 2026-04-16 to 2026-04-20...
2026-05-21 05:54:08,652 INFO: [Backfill] Fetching FIGRHELOCUSD from 2026-05-04 to 2026-05-06...
2026-05-21 05:54:09,047 INFO: [Backfill] Fetching GOMININGUSD from 2026-04-21 to 2026-04-23...
2026-05-21 05:54:09,134 INFO: [Backfill] Fetching FARTCOINUSD from 2026-04-21 to 2026-04-23...
2026-05-21 05:54:09,140 INFO: [Backfill] Fetching FIGRHELOCUSD from 2026-05-07 to 2026-05-11...
2026-05-21 05:54:09,474 INFO: [Backfill] Fetching GOMININGUSD from 2026-04-24 to 2026-04-28...
2026-05-21 05:54:09,633 INFO: [Backfill] Fetching FIGRHELOCUSD from 2026-05-12 to 2026-05-14...
2026-05-21 05:54:09,729 INFO: [Backfill] Fetching FARTCOINUSD from 2026-04-24 to 2026-04-28...
2026-05-21 05:54:09,849 INFO: [Backfill] Fetching GOMININGUSD from 2026-04-29 to 2026-05-01...
2026-05-21 05:54:10,114 INFO: [Backfill] Fetching FIGRHELOCUSD from 2026-05-15 to 2026-05-19...
2026-05-21 05:54:10,203 INFO: [Backfill] Fetching FARTCOINUSD from 2026-04-29 to 2026-05-01...
2026-05-21 05:54:10,401 INFO: [Backfill] Fetching GOMININGUSD from 2026-05-04 to 2026-05-06...
2026-05-21 05:54:10,734 INFO: [Backfill] Fetching FARTCOINUSD from 2026-05-04 to 2026-05-06...
2026-05-21 05:54:10,744 INFO: [Backfill] Fetching FIGRHELOCUSD from 2026-05-20 to 2026-05-21...
2026-05-21 05:54:10,776 INFO: [Backfill] Fetching GOMININGUSD from 2026-05-07 to 2026-05-11...
2026-05-21 05:54:11,217 INFO: [Backfill] Fetching FARTCOINUSD from 2026-05-07 to 2026-05-11...
2026-05-21 05:54:11,222 INFO: [Backfill] Completed. No CSV file generated (output_filename=None).
2026-05-21 05:54:11,222 INFO: [Backfill] No data fetched; returning empty DataFrame.

[FIGRHELOCUSD] No data returned from backfill.
Starting backfill for ['JELLYJELLYUSD'] from 2026-01-01 to 2026-05-21, interval=1min, exchange=crypto
2026-05-21 05:54:11,223 INFO: [Backfill] Processing JELLYJELLYUSD...
2026-05-21 05:54:11,223 INFO: [Backfill] Fetching JELLYJELLYUSD from 2026-01-01 to 2026-01-05...
2026-05-21 05:54:11,274 INFO: [Backfill] Fetching GOMININGUSD from 2026-05-12 to 2026-05-14...
2026-05-21 05:54:11,710 INFO: [Backfill] Fetching FARTCOINUSD from 2026-05-12 to 2026-05-14...
2026-05-21 05:54:11,710 INFO: [Backfill] Fetching JELLYJELLYUSD from 2026-01-06 to 2026-01-08...
2026-05-21 05:54:11,795 INFO: [Backfill] Fetching GOMININGUSD from 2026-05-15 to 2026-05-19...
2026-05-21 05:54:12,203 INFO: [Backfill] Fetching JELLYJELLYUSD from 2026-01-09 to 2026-01-13...
2026-05-21 05:54:12,230 INFO: [Backfill] Fetching FARTCOINUSD from 2026-05-15 to 2026-05-19...
2026-05-21 05:54:12,687 INFO: [Backfill] Fetching GOMININGUSD from 2026-05-20 to 2026-05-21...
2026-05-21 05:54:12,699 INFO: [Backfill] Fetching JELLYJELLYUSD from 2026-01-14 to 2026-01-16...
2026-05-21 05:54:12,757 INFO: [Backfill] Fetching FARTCOINUSD from 2026-05-20 to 2026-05-21...
2026-05-21 05:54:13,099 INFO: [Backfill] Completed. No CSV file generated (output_filename=None).
2026-05-21 05:54:13,099 INFO: [Backfill] Returning DataFrame.

2026-05-21 05:54:13,192 INFO: [Backfill] Fetching JELLYJELLYUSD from 2026-01-19 to 2026-01-21...
2026-05-21 05:54:13,318 INFO: [Backfill] Completed. No CSV file generated (output_filename=None).
2026-05-21 05:54:13,325 INFO: [Backfill] Returning DataFrame.

2026-05-21 05:54:14,001 INFO: [Backfill] Fetching JELLYJELLYUSD from 2026-01-22 to 2026-01-26...
2026-05-21 05:54:15,066 INFO: [Backfill] Fetching JELLYJELLYUSD from 2026-01-27 to 2026-01-29...
2026-05-21 05:54:16,428 INFO: [Backfill] Fetching JELLYJELLYUSD from 2026-01-30 to 2026-02-03...
2026-05-21 05:54:17,460 INFO: [Backfill] Fetching JELLYJELLYUSD from 2026-02-04 to 2026-02-06...
2026-05-21 05:54:18,461 INFO: [Backfill] Fetching JELLYJELLYUSD from 2026-02-09 to 2026-02-11...
2026-05-21 05:54:18,973 INFO: [Backfill] Fetching JELLYJELLYUSD from 2026-02-12 to 2026-02-16...
2026-05-21 05:54:19,534 INFO: [Backfill] Fetching JELLYJELLYUSD from 2026-02-17 to 2026-02-19...
2026-05-21 05:54:20,044 INFO: [Backfill] Fetching JELLYJELLYUSD from 2026-02-20 to 2026-02-24...
2026-05-21 05:54:20,561 INFO: [Backfill] Fetching JELLYJELLYUSD from 2026-02-25 to 2026-02-27...
2026-05-21 05:54:21,035 INFO: [Backfill] Fetching JELLYJELLYUSD from 2026-03-02 to 2026-03-04...
2026-05-21 05:54:21,501 INFO: [Backfill] Fetching JELLYJELLYUSD from 2026-03-05 to 2026-03-09...
2026-05-21 05:54:22,002 INFO: [Backfill] Fetching JELLYJELLYUSD from 2026-03-10 to 2026-03-12...
2026-05-21 05:54:22,484 INFO: [Backfill] Fetching JELLYJELLYUSD from 2026-03-13 to 2026-03-17...
2026-05-21 05:54:22,976 INFO: [Backfill] Fetching JELLYJELLYUSD from 2026-03-18 to 2026-03-20...
2026-05-21 05:54:23,472 INFO: [Backfill] Fetching JELLYJELLYUSD from 2026-03-23 to 2026-03-25...
2026-05-21 05:54:23,988 INFO: [Backfill] Fetching JELLYJELLYUSD from 2026-03-26 to 2026-03-30...
2026-05-21 05:54:24,491 INFO: [Backfill] Fetching JELLYJELLYUSD from 2026-03-31 to 2026-04-02...
2026-05-21 05:54:24,976 INFO: [Backfill] Fetching JELLYJELLYUSD from 2026-04-03 to 2026-04-07...
2026-05-21 05:54:25,484 INFO: [Backfill] Fetching JELLYJELLYUSD from 2026-04-08 to 2026-04-10...
2026-05-21 05:54:25,985 INFO: [Backfill] Fetching JELLYJELLYUSD from 2026-04-13 to 2026-04-15...
2026-05-21 05:54:26,498 INFO: [Backfill] Fetching JELLYJELLYUSD from 2026-04-16 to 2026-04-20...
2026-05-21 05:54:27,009 INFO: [Backfill] Fetching JELLYJELLYUSD from 2026-04-21 to 2026-04-23...
2026-05-21 05:54:27,521 INFO: [Backfill] Fetching JELLYJELLYUSD from 2026-04-24 to 2026-04-28...
2026-05-21 05:54:28,019 INFO: [Backfill] Fetching JELLYJELLYUSD from 2026-04-29 to 2026-05-01...
2026-05-21 05:54:28,548 INFO: [Backfill] Fetching JELLYJELLYUSD from 2026-05-04 to 2026-05-06...
2026-05-21 05:54:29,038 INFO: [Backfill] Fetching JELLYJELLYUSD from 2026-05-07 to 2026-05-11...
2026-05-21 05:54:29,552 INFO: [Backfill] Fetching JELLYJELLYUSD from 2026-05-12 to 2026-05-14...
2026-05-21 05:54:30,058 INFO: [Backfill] Fetching JELLYJELLYUSD from 2026-05-15 to 2026-05-19...
2026-05-21 05:54:30,570 INFO: [Backfill] Fetching JELLYJELLYUSD from 2026-05-20 to 2026-05-21...
2026-05-21 05:54:31,066 INFO: [Backfill] Completed. No CSV file generated (output_filename=None).
2026-05-21 05:54:31,066 INFO: [Backfill] No data fetched; returning empty DataFrame.

[JELLYJELLYUSD] No data returned from backfill.
Starting backfill for ['PC0000023USD'] from 2026-01-01 to 2026-05-21, interval=1min, exchange=crypto
2026-05-21 05:54:31,069 INFO: [Backfill] Processing PC0000023USD...
2026-05-21 05:54:31,069 INFO: [Backfill] Fetching PC0000023USD from 2026-01-01 to 2026-01-05...
2026-05-21 05:54:31,607 INFO: [Backfill] Fetching PC0000023USD from 2026-01-06 to 2026-01-08...
2026-05-21 05:54:32,130 INFO: [Backfill] Fetching PC0000023USD from 2026-01-09 to 2026-01-13...
2026-05-21 05:54:32,628 INFO: [Backfill] Fetching PC0000023USD from 2026-01-14 to 2026-01-16...
2026-05-21 05:54:33,131 INFO: [Backfill] Fetching PC0000023USD from 2026-01-19 to 2026-01-21...
2026-05-21 05:54:33,643 INFO: [Backfill] Fetching PC0000023USD from 2026-01-22 to 2026-01-26...
2026-05-21 05:54:34,144 INFO: [Backfill] Fetching PC0000023USD from 2026-01-27 to 2026-01-29...
2026-05-21 05:54:34,662 INFO: [Backfill] Fetching PC0000023USD from 2026-01-30 to 2026-02-03...
2026-05-21 05:54:35,213 INFO: [Backfill] Fetching PC0000023USD from 2026-02-04 to 2026-02-06...
2026-05-21 05:54:35,733 INFO: [Backfill] Fetching PC0000023USD from 2026-02-09 to 2026-02-11...
2026-05-21 05:54:36,226 INFO: [Backfill] Fetching PC0000023USD from 2026-02-12 to 2026-02-16...
[AGENTFUNUSD] Inserted 136043 rows into DB.
Starting backfill for ['PC0000031USD'] from 2026-01-01 to 2026-05-21, interval=1min, exchange=crypto
2026-05-21 05:54:36,320 INFO: [Backfill] Processing PC0000031USD...
2026-05-21 05:54:36,320 INFO: [Backfill] Fetching PC0000031USD from 2026-01-01 to 2026-01-05...
2026-05-21 05:54:36,745 INFO: [Backfill] Fetching PC0000023USD from 2026-02-17 to 2026-02-19...
2026-05-21 05:54:36,836 INFO: [Backfill] Fetching PC0000031USD from 2026-01-06 to 2026-01-08...
2026-05-21 05:54:37,263 INFO: [Backfill] Fetching PC0000023USD from 2026-02-20 to 2026-02-24...
2026-05-21 05:54:37,379 INFO: [Backfill] Fetching PC0000031USD from 2026-01-09 to 2026-01-13...
2026-05-21 05:54:37,807 INFO: [Backfill] Fetching PC0000023USD from 2026-02-25 to 2026-02-27...
2026-05-21 05:54:37,879 INFO: [Backfill] Fetching PC0000031USD from 2026-01-14 to 2026-01-16...
2026-05-21 05:54:38,301 INFO: [Backfill] Fetching PC0000023USD from 2026-03-02 to 2026-03-04...
2026-05-21 05:54:38,406 INFO: [Backfill] Fetching PC0000031USD from 2026-01-19 to 2026-01-21...
2026-05-21 05:54:38,773 INFO: [Backfill] Fetching PC0000023USD from 2026-03-05 to 2026-03-09...
2026-05-21 05:54:38,906 INFO: [Backfill] Fetching PC0000031USD from 2026-01-22 to 2026-01-26...
2026-05-21 05:54:39,294 INFO: [Backfill] Fetching PC0000023USD from 2026-03-10 to 2026-03-12...
2026-05-21 05:54:39,431 INFO: [Backfill] Fetching PC0000031USD from 2026-01-27 to 2026-01-29...
2026-05-21 05:54:39,819 INFO: [Backfill] Fetching PC0000023USD from 2026-03-13 to 2026-03-17...
2026-05-21 05:54:39,917 INFO: [Backfill] Fetching PC0000031USD from 2026-01-30 to 2026-02-03...
2026-05-21 05:54:40,319 INFO: [Backfill] Fetching PC0000023USD from 2026-03-18 to 2026-03-20...
2026-05-21 05:54:40,402 INFO: [Backfill] Fetching PC0000031USD from 2026-02-04 to 2026-02-06...
2026-05-21 05:54:40,816 INFO: [Backfill] Fetching PC0000023USD from 2026-03-23 to 2026-03-25...
2026-05-21 05:54:40,889 INFO: [Backfill] Fetching PC0000031USD from 2026-02-09 to 2026-02-11...
2026-05-21 05:54:41,320 INFO: [Backfill] Fetching PC0000023USD from 2026-03-26 to 2026-03-30...
2026-05-21 05:54:41,358 INFO: [Backfill] Fetching PC0000031USD from 2026-02-12 to 2026-02-16...
2026-05-21 05:54:41,802 INFO: [Backfill] Fetching PC0000023USD from 2026-03-31 to 2026-04-02...
2026-05-21 05:54:41,867 INFO: [Backfill] Fetching PC0000031USD from 2026-02-17 to 2026-02-19...
2026-05-21 05:54:42,323 INFO: [Backfill] Fetching PC0000023USD from 2026-04-03 to 2026-04-07...
2026-05-21 05:54:42,389 INFO: [Backfill] Fetching PC0000031USD from 2026-02-20 to 2026-02-24...
2026-05-21 05:54:42,798 INFO: [Backfill] Fetching PC0000023USD from 2026-04-08 to 2026-04-10...
2026-05-21 05:54:42,849 INFO: [Backfill] Fetching PC0000031USD from 2026-02-25 to 2026-02-27...
2026-05-21 05:54:43,270 INFO: [Backfill] Fetching PC0000023USD from 2026-04-13 to 2026-04-15...
2026-05-21 05:54:43,341 INFO: [Backfill] Fetching PC0000031USD from 2026-03-02 to 2026-03-04...
2026-05-21 05:54:43,749 INFO: [Backfill] Fetching PC0000023USD from 2026-04-16 to 2026-04-20...
2026-05-21 05:54:43,837 INFO: [Backfill] Fetching PC0000031USD from 2026-03-05 to 2026-03-09...
2026-05-21 05:54:44,198 INFO: [Backfill] Fetching PC0000023USD from 2026-04-21 to 2026-04-23...
2026-05-21 05:54:44,310 INFO: [Backfill] Fetching PC0000031USD from 2026-03-10 to 2026-03-12...
2026-05-21 05:54:44,674 INFO: [Backfill] Fetching PC0000023USD from 2026-04-24 to 2026-04-28...
2026-05-21 05:54:44,807 INFO: [Backfill] Fetching PC0000031USD from 2026-03-13 to 2026-03-17...
2026-05-21 05:54:45,169 INFO: [Backfill] Fetching PC0000023USD from 2026-04-29 to 2026-05-01...
2026-05-21 05:54:45,294 INFO: [Backfill] Fetching PC0000031USD from 2026-03-18 to 2026-03-20...
2026-05-21 05:54:45,661 INFO: [Backfill] Fetching PC0000023USD from 2026-05-04 to 2026-05-06...
2026-05-21 05:54:45,787 INFO: [Backfill] Fetching PC0000031USD from 2026-03-23 to 2026-03-25...
2026-05-21 05:54:46,115 INFO: [Backfill] Fetching PC0000023USD from 2026-05-07 to 2026-05-11...
2026-05-21 05:54:46,241 INFO: [Backfill] Fetching PC0000031USD from 2026-03-26 to 2026-03-30...
2026-05-21 05:54:46,604 INFO: [Backfill] Fetching PC0000023USD from 2026-05-12 to 2026-05-14...
2026-05-21 05:54:46,712 INFO: [Backfill] Fetching PC0000031USD from 2026-03-31 to 2026-04-02...
2026-05-21 05:54:47,102 INFO: [Backfill] Fetching PC0000023USD from 2026-05-15 to 2026-05-19...
2026-05-21 05:54:47,202 INFO: [Backfill] Fetching PC0000031USD from 2026-04-03 to 2026-04-07...
2026-05-21 05:54:47,591 INFO: [Backfill] Fetching PC0000023USD from 2026-05-20 to 2026-05-21...
2026-05-21 05:54:47,693 INFO: [Backfill] Fetching PC0000031USD from 2026-04-08 to 2026-04-10...
2026-05-21 05:54:48,118 INFO: [Backfill] Completed. No CSV file generated (output_filename=None).
2026-05-21 05:54:48,118 INFO: [Backfill] No data fetched; returning empty DataFrame.

[PC0000023USD] No data returned from backfill.
Starting backfill for ['PIEVERSEUSD'] from 2026-01-01 to 2026-05-21, interval=1min, exchange=crypto
2026-05-21 05:54:48,119 INFO: [Backfill] Processing PIEVERSEUSD...
2026-05-21 05:54:48,119 INFO: [Backfill] Fetching PIEVERSEUSD from 2026-01-01 to 2026-01-05...
2026-05-21 05:54:48,148 INFO: [Backfill] Fetching PC0000031USD from 2026-04-13 to 2026-04-15...
2026-05-21 05:54:48,602 INFO: [Backfill] Fetching PIEVERSEUSD from 2026-01-06 to 2026-01-08...
2026-05-21 05:54:48,609 INFO: [Backfill] Fetching PC0000031USD from 2026-04-16 to 2026-04-20...
2026-05-21 05:54:49,100 INFO: [Backfill] Fetching PIEVERSEUSD from 2026-01-09 to 2026-01-13...
2026-05-21 05:54:49,103 INFO: [Backfill] Fetching PC0000031USD from 2026-04-21 to 2026-04-23...
2026-05-21 05:54:49,587 INFO: [Backfill] Fetching PC0000031USD from 2026-04-24 to 2026-04-28...
2026-05-21 05:54:49,605 INFO: [Backfill] Fetching PIEVERSEUSD from 2026-01-14 to 2026-01-16...
2026-05-21 05:54:50,085 INFO: [Backfill] Fetching PC0000031USD from 2026-04-29 to 2026-05-01...
2026-05-21 05:54:50,088 INFO: [Backfill] Fetching PIEVERSEUSD from 2026-01-19 to 2026-01-21...
2026-05-21 05:54:50,541 INFO: [Backfill] Fetching PC0000031USD from 2026-05-04 to 2026-05-06...
2026-05-21 05:54:50,570 INFO: [Backfill] Fetching PIEVERSEUSD from 2026-01-22 to 2026-01-26...
2026-05-21 05:54:51,025 INFO: [Backfill] Fetching PC0000031USD from 2026-05-07 to 2026-05-11...
2026-05-21 05:54:51,071 INFO: [Backfill] Fetching PIEVERSEUSD from 2026-01-27 to 2026-01-29...
2026-05-21 05:54:51,521 INFO: [Backfill] Fetching PC0000031USD from 2026-05-12 to 2026-05-14...
2026-05-21 05:54:51,540 INFO: [Backfill] Fetching PIEVERSEUSD from 2026-01-30 to 2026-02-03...
2026-05-21 05:54:51,980 INFO: [Backfill] Fetching PC0000031USD from 2026-05-15 to 2026-05-19...
2026-05-21 05:54:52,006 INFO: [Backfill] Fetching PIEVERSEUSD from 2026-02-04 to 2026-02-06...
2026-05-21 05:54:52,483 INFO: [Backfill] Fetching PC0000031USD from 2026-05-20 to 2026-05-21...
2026-05-21 05:54:52,489 INFO: [Backfill] Fetching PIEVERSEUSD from 2026-02-09 to 2026-02-11...
2026-05-21 05:54:52,952 INFO: [Backfill] Completed. No CSV file generated (output_filename=None).
2026-05-21 05:54:52,954 INFO: [Backfill] No data fetched; returning empty DataFrame.

[PC0000031USD] No data returned from backfill.
Starting backfill for ['WHITEWHALEUSD'] from 2026-01-01 to 2026-05-21, interval=1min, exchange=crypto
2026-05-21 05:54:52,955 INFO: [Backfill] Processing WHITEWHALEUSD...
2026-05-21 05:54:52,955 INFO: [Backfill] Fetching WHITEWHALEUSD from 2026-01-01 to 2026-01-05...
2026-05-21 05:54:52,998 INFO: [Backfill] Fetching PIEVERSEUSD from 2026-02-12 to 2026-02-16...
2026-05-21 05:54:53,461 INFO: [Backfill] Fetching WHITEWHALEUSD from 2026-01-06 to 2026-01-08...
2026-05-21 05:54:53,496 INFO: [Backfill] Fetching PIEVERSEUSD from 2026-02-17 to 2026-02-19...
2026-05-21 05:54:53,935 INFO: [Backfill] Fetching WHITEWHALEUSD from 2026-01-09 to 2026-01-13...
2026-05-21 05:54:53,972 INFO: [Backfill] Fetching PIEVERSEUSD from 2026-02-20 to 2026-02-24...
2026-05-21 05:54:54,425 INFO: [Backfill] Fetching WHITEWHALEUSD from 2026-01-14 to 2026-01-16...
2026-05-21 05:54:54,474 INFO: [Backfill] Fetching PIEVERSEUSD from 2026-02-25 to 2026-02-27...
2026-05-21 05:54:54,980 INFO: [Backfill] Fetching WHITEWHALEUSD from 2026-01-19 to 2026-01-21...
2026-05-21 05:54:55,494 INFO: [Backfill] Fetching WHITEWHALEUSD from 2026-01-22 to 2026-01-26...
2026-05-21 05:54:55,542 INFO: [Backfill] Fetching PIEVERSEUSD from 2026-03-02 to 2026-03-04...
2026-05-21 05:54:55,997 INFO: [Backfill] Fetching WHITEWHALEUSD from 2026-01-27 to 2026-01-29...
2026-05-21 05:54:56,053 INFO: [Backfill] Fetching PIEVERSEUSD from 2026-03-05 to 2026-03-09...
2026-05-21 05:54:56,515 INFO: [Backfill] Fetching WHITEWHALEUSD from 2026-01-30 to 2026-02-03...
2026-05-21 05:54:56,529 INFO: [Backfill] Fetching PIEVERSEUSD from 2026-03-10 to 2026-03-12...
2026-05-21 05:54:57,020 INFO: [Backfill] Fetching PIEVERSEUSD from 2026-03-13 to 2026-03-17...
2026-05-21 05:54:57,029 INFO: [Backfill] Fetching WHITEWHALEUSD from 2026-02-04 to 2026-02-06...
[GOMININGUSD] Inserted 136530 rows into DB.
[FARTCOINUSD] Inserted 143634 rows into DB.
2026-05-21 05:54:57,557 INFO: [Backfill] Fetching PIEVERSEUSD from 2026-03-18 to 2026-03-20...
2026-05-21 05:54:57,576 INFO: [Backfill] Fetching WHITEWHALEUSD from 2026-02-09 to 2026-02-11...
2026-05-21 05:54:58,031 INFO: [Backfill] Fetching PIEVERSEUSD from 2026-03-23 to 2026-03-25...
2026-05-21 05:54:58,065 INFO: [Backfill] Fetching WHITEWHALEUSD from 2026-02-12 to 2026-02-16...
2026-05-21 05:54:58,534 INFO: [Backfill] Fetching PIEVERSEUSD from 2026-03-26 to 2026-03-30...
2026-05-21 05:54:58,539 INFO: [Backfill] Fetching WHITEWHALEUSD from 2026-02-17 to 2026-02-19...
2026-05-21 05:54:59,038 INFO: [Backfill] Fetching WHITEWHALEUSD from 2026-02-20 to 2026-02-24...
2026-05-21 05:54:59,040 INFO: [Backfill] Fetching PIEVERSEUSD from 2026-03-31 to 2026-04-02...
2026-05-21 05:54:59,526 INFO: [Backfill] Fetching WHITEWHALEUSD from 2026-02-25 to 2026-02-27...
2026-05-21 05:54:59,537 INFO: [Backfill] Fetching PIEVERSEUSD from 2026-04-03 to 2026-04-07...
2026-05-21 05:55:00,016 INFO: [Backfill] Fetching WHITEWHALEUSD from 2026-03-02 to 2026-03-04...
2026-05-21 05:55:00,021 INFO: [Backfill] Fetching PIEVERSEUSD from 2026-04-08 to 2026-04-10...
2026-05-21 05:55:00,533 INFO: [Backfill] Fetching PIEVERSEUSD from 2026-04-13 to 2026-04-15...
2026-05-21 05:55:00,594 INFO: [Backfill] Fetching WHITEWHALEUSD from 2026-03-05 to 2026-03-09...
2026-05-21 05:55:01,025 INFO: [Backfill] Fetching PIEVERSEUSD from 2026-04-16 to 2026-04-20...
2026-05-21 05:55:01,400 INFO: [Backfill] Fetching WHITEWHALEUSD from 2026-03-10 to 2026-03-12...
2026-05-21 05:55:01,711 INFO: [Backfill] Fetching PIEVERSEUSD from 2026-04-21 to 2026-04-23...
2026-05-21 05:55:02,200 INFO: [Backfill] Fetching PIEVERSEUSD from 2026-04-24 to 2026-04-28...
2026-05-21 05:55:02,270 INFO: [Backfill] Fetching WHITEWHALEUSD from 2026-03-13 to 2026-03-17...
2026-05-21 05:55:02,809 INFO: [Backfill] Fetching PIEVERSEUSD from 2026-04-29 to 2026-05-01...
2026-05-21 05:55:02,915 INFO: [Backfill] Fetching WHITEWHALEUSD from 2026-03-18 to 2026-03-20...
2026-05-21 05:55:03,299 INFO: [Backfill] Fetching PIEVERSEUSD from 2026-05-04 to 2026-05-06...
2026-05-21 05:55:03,417 INFO: [Backfill] Fetching WHITEWHALEUSD from 2026-03-23 to 2026-03-25...
2026-05-21 05:55:03,797 INFO: [Backfill] Fetching PIEVERSEUSD from 2026-05-07 to 2026-05-11...
2026-05-21 05:55:03,869 INFO: [Backfill] Fetching WHITEWHALEUSD from 2026-03-26 to 2026-03-30...
2026-05-21 05:55:04,294 INFO: [Backfill] Fetching PIEVERSEUSD from 2026-05-12 to 2026-05-14...
2026-05-21 05:55:04,361 INFO: [Backfill] Fetching WHITEWHALEUSD from 2026-03-31 to 2026-04-02...
2026-05-21 05:55:04,787 INFO: [Backfill] Fetching PIEVERSEUSD from 2026-05-15 to 2026-05-19...
2026-05-21 05:55:04,859 INFO: [Backfill] Fetching WHITEWHALEUSD from 2026-04-03 to 2026-04-07...
2026-05-21 05:55:05,276 INFO: [Backfill] Fetching PIEVERSEUSD from 2026-05-20 to 2026-05-21...
2026-05-21 05:55:05,539 INFO: [Backfill] Fetching WHITEWHALEUSD from 2026-04-08 to 2026-04-10...
2026-05-21 05:55:05,920 INFO: [Backfill] Completed. No CSV file generated (output_filename=None).
2026-05-21 05:55:05,920 INFO: [Backfill] No data fetched; returning empty DataFrame.

[PIEVERSEUSD] No data returned from backfill.
2026-05-21 05:55:06,012 INFO: [Backfill] Fetching WHITEWHALEUSD from 2026-04-13 to 2026-04-15...
2026-05-21 05:55:06,497 INFO: [Backfill] Fetching WHITEWHALEUSD from 2026-04-16 to 2026-04-20...
2026-05-21 05:55:06,974 INFO: [Backfill] Fetching WHITEWHALEUSD from 2026-04-21 to 2026-04-23...
2026-05-21 05:55:07,454 INFO: [Backfill] Fetching WHITEWHALEUSD from 2026-04-24 to 2026-04-28...
2026-05-21 05:55:07,934 INFO: [Backfill] Fetching WHITEWHALEUSD from 2026-04-29 to 2026-05-01...
2026-05-21 05:55:08,415 INFO: [Backfill] Fetching WHITEWHALEUSD from 2026-05-04 to 2026-05-06...
2026-05-21 05:55:08,900 INFO: [Backfill] Fetching WHITEWHALEUSD from 2026-05-07 to 2026-05-11...
2026-05-21 05:55:09,393 INFO: [Backfill] Fetching WHITEWHALEUSD from 2026-05-12 to 2026-05-14...
2026-05-21 05:55:09,865 INFO: [Backfill] Fetching WHITEWHALEUSD from 2026-05-15 to 2026-05-19...
2026-05-21 05:55:10,359 INFO: [Backfill] Fetching WHITEWHALEUSD from 2026-05-20 to 2026-05-21...
2026-05-21 05:55:10,855 INFO: [Backfill] Completed. No CSV file generated (output_filename=None).
2026-05-21 05:55:10,855 INFO: [Backfill] No data fetched; returning empty DataFrame.

[WHITEWHALEUSD] No data returned from backfill.
[ConcurrentBackfill] All threads completed. Closing connection pool.
2026-05-21 05:55:10,856 INFO: All pooled connections closed successfully.
/Users/abhinav/Desktop/MQSMaster/scripts/backfill_runs/run_backfill_long_tickers.py:82: DeprecationWarning: datetime.datetime.utcnow() is deprecated and scheduled for removal in a future version. Use timezone-aware objects to represent datetimes in UTC: datetime.datetime.now(datetime.UTC).
  elapsed = datetime.utcnow() - started
2026-05-21 05:55:10,856 INFO: Long-ticker sweep complete in 0:01:35.828228
/Users/abhinav/Desktop/MQSMaster/scripts/backfill_runs/run_backfill_long_tickers.py:53: DeprecationWarning: datetime.datetime.utcnow() is deprecated and scheduled for removal in a future version. Use timezone-aware objects to represent datetimes in UTC: datetime.datetime.now(datetime.UTC).
  event["ts"] = datetime.utcnow().isoformat() + "Z"
